{"contracts\\MyContacts.sol":{"l":{"10":3,"11":3,"15":0,"19":1,"23":0,"24":0,"25":0,"26":0},"path":"D:\\WORK\\solidity-project\\contracts\\MyContacts.sol","s":{"1":3,"2":3,"3":0,"4":1,"5":0,"6":0,"7":0,"8":0},"b":{"1":[0,0]},"f":{"1":3,"2":0,"3":1,"4":0},"fnMap":{"1":{"name":"constructor","line":9,"loc":{"start":{"line":9,"column":4},"end":{"line":12,"column":4}}},"2":{"name":"changeMoney","line":14,"loc":{"start":{"line":14,"column":4},"end":{"line":16,"column":4}}},"3":{"name":"allOfMoney","line":18,"loc":{"start":{"line":18,"column":4},"end":{"line":20,"column":4}}},"4":{"name":"transferMoney","line":22,"loc":{"start":{"line":22,"column":4},"end":{"line":27,"column":4}}}},"statementMap":{"1":{"start":{"line":10,"column":8},"end":{"line":10,"column":21}},"2":{"start":{"line":11,"column":8},"end":{"line":11,"column":34}},"3":{"start":{"line":15,"column":8},"end":{"line":15,"column":21}},"4":{"start":{"line":19,"column":8},"end":{"line":19,"column":20}},"5":{"start":{"line":23,"column":8},"end":{"line":23,"column":45}},"6":{"start":{"line":24,"column":8},"end":{"line":24,"column":28}},"7":{"start":{"line":25,"column":8},"end":{"line":25,"column":36}},"8":{"start":{"line":26,"column":8},"end":{"line":26,"column":19}}},"branchMap":{"1":{"line":23,"type":"if","locations":[{"start":{"line":23,"column":8},"end":{"line":23,"column":8}},{"start":{"line":23,"column":8},"end":{"line":23,"column":8}}]}}}}